<?xml version="1.0" encoding="UTF-8"?>
<testsuites name="test_suite--browser_chrome" time="184.131" tests="8" failures="0" errors="0">
   <testsuite name="test_suite--browser_chrome" tests="8" failures="0" errors="0" time="184.131" skipped="0" timestamp="2021-12-13 00:52:26" hostname="r30_p - Cupra4444" id="Test Suites/SC_TS/test_suite--browser_chrome">
      <properties>
         <property name="deviceName" value=""/>
         <property name="devicePlatform" value=""/>
         <property name="logFolder" value="C:\\Users\\r30_p\\AppData\\Local\\GitHubDesktop\\app-2.9.5\\Stori-QA-Automation-Challenge\\Reports\\20211213_005224\\SC_TS\\test_suite--browser_chrome\\20211213_005224"/>
         <property name="logFiles" value="C:\\Users\\r30_p\\AppData\\Local\\GitHubDesktop\\app-2.9.5\\Stori-QA-Automation-Challenge\\Reports\\20211213_005224\\SC_TS\\test_suite--browser_chrome\\20211213_005224\\execution0.log"/>
         <property name="attachments" value="C:\\Users\\r30_p\\AppData\\Local\\GitHubDesktop\\app-2.9.5\\Stori-QA-Automation-Challenge\\Reports\\20211213_005224\\SC_TS\\test_suite--browser_chrome\\20211213_005224\\switch_tab"/>
         <property name="hostName" value="r30_p - Cupra4444"/>
         <property name="os" value="Windows 10 64bit"/>
         <property name="katalonVersion" value="8.2.0.208"/>
         <property name="browser" value="Chrome 96.0.4664.93"/>
         <property name="hostAddress" value="192.168.31.59"/>
         <property name="sessionId" value="eab06e9c5aad3488261e7dd70fc1de46"/>
         <property name="seleniumVersion" value="3.141.59"/>
         <property name="proxyInformation" value="ProxyInformation { proxyOption=NO_PROXY, proxyServerType=HTTP, username=, password=********, proxyServerAddress=, proxyServerPort=0, executionList=&quot;&quot;, isApplyToDesiredCapabilities=true }"/>
         <property name="platform" value="Windows 10"/>
      </properties>
      <testcase name="Test Cases/SC_TC/dropdown--browser_chrome" time="22.626" classname="Test Cases/SC_TC/dropdown--browser_chrome" status="PASSED">
         <system-out><![CDATA[2021-12-13 00:52:26 - [TEST_CASE][PASSED] - Test Cases/SC_TC/dropdown--browser_chrome: Test Cases/SC_TC/dropdown--browser_chrome

2021-12-13 00:52:26 - [TEST_STEP][PASSED] - openBrowser(""): Browser is opened with url: ''

2021-12-13 00:52:27 - [MESSAGE][INFO] - Starting 'Chrome' driver

2021-12-13 00:52:27 - [MESSAGE][INFO] - Action delay is set to 0 milliseconds

2021-12-13 00:52:29 - [MESSAGE][PASSED] - Browser is opened with url: ''

2021-12-13 00:52:29 - [TEST_STEP][PASSED] - navigateToUrl(url): Navigate to 'https://rahulshettyacademy.com/AutomationPractice/' successfully

2021-12-13 00:52:35 - [MESSAGE][PASSED] - Navigate to 'https://rahulshettyacademy.com/AutomationPractice/' successfully

2021-12-13 00:52:35 - [TEST_STEP][PASSED] - maximizeWindow(): Current window maximized

2021-12-13 00:52:35 - [MESSAGE][PASSED] - Current window maximized

2021-12-13 00:52:35 - [TEST_STEP][PASSED] - delay(4): Delayed 4 second(s)

2021-12-13 00:52:39 - [MESSAGE][PASSED] - Delayed 4 second(s)

2021-12-13 00:52:39 - [TEST_STEP][PASSED] - selectOptionByValue(findTestObject("Object Repository/Dropdown Example/Page_Practice Page/select_Select                     Option1  _bf898a"), "option2", true): All options with value 'option2' are selected in object 'Object Repository/Dropdown Example/Page_Practice Page/select_Select                     Option1  _bf898a'  using regular expression

2021-12-13 00:52:40 - [MESSAGE][PASSED] - All options with value 'option2' are selected in object 'Object Repository/Dropdown Example/Page_Practice Page/select_Select                     Option1  _bf898a'  using regular expression

2021-12-13 00:52:40 - [TEST_STEP][PASSED] - delay(4): Delayed 4 second(s)

2021-12-13 00:52:44 - [MESSAGE][PASSED] - Delayed 4 second(s)

2021-12-13 00:52:44 - [TEST_STEP][PASSED] - selectOptionByValue(findTestObject("Object Repository/Dropdown Example/Page_Practice Page/select_Select                     Option1  _bf898a"), "option3", true): All options with value 'option3' are selected in object 'Object Repository/Dropdown Example/Page_Practice Page/select_Select                     Option1  _bf898a'  using regular expression

2021-12-13 00:52:44 - [MESSAGE][PASSED] - All options with value 'option3' are selected in object 'Object Repository/Dropdown Example/Page_Practice Page/select_Select                     Option1  _bf898a'  using regular expression

2021-12-13 00:52:44 - [TEST_STEP][PASSED] - delay(4): Delayed 4 second(s)

2021-12-13 00:52:48 - [MESSAGE][PASSED] - Delayed 4 second(s)

2021-12-13 00:52:48 - [TEST_STEP][PASSED] - closeBrowser(): Browser is closed

2021-12-13 00:52:49 - [MESSAGE][PASSED] - Browser is closed]]></system-out>
         <system-err><![CDATA[]]></system-err>
      </testcase>
      <testcase name="Test Cases/SC_TC/suggestion_class--browser_chrome" time="22.291" classname="Test Cases/SC_TC/suggestion_class--browser_chrome" status="PASSED">
         <system-out><![CDATA[2021-12-13 00:52:49 - [TEST_CASE][PASSED] - Test Cases/SC_TC/suggestion_class--browser_chrome: Test Cases/SC_TC/suggestion_class--browser_chrome

2021-12-13 00:52:49 - [TEST_STEP][PASSED] - openBrowser(""): Browser is opened with url: ''

2021-12-13 00:52:49 - [MESSAGE][INFO] - Starting 'Chrome' driver

2021-12-13 00:52:49 - [MESSAGE][INFO] - Action delay is set to 0 milliseconds

2021-12-13 00:52:50 - [MESSAGE][PASSED] - Browser is opened with url: ''

2021-12-13 00:52:50 - [TEST_STEP][PASSED] - navigateToUrl(url): Navigate to 'https://rahulshettyacademy.com/AutomationPractice/' successfully

2021-12-13 00:52:58 - [MESSAGE][PASSED] - Navigate to 'https://rahulshettyacademy.com/AutomationPractice/' successfully

2021-12-13 00:52:58 - [TEST_STEP][PASSED] - maximizeWindow(): Current window maximized

2021-12-13 00:52:58 - [MESSAGE][PASSED] - Current window maximized

2021-12-13 00:52:58 - [TEST_STEP][PASSED] - delay(4): Delayed 4 second(s)

2021-12-13 00:53:02 - [MESSAGE][PASSED] - Delayed 4 second(s)

2021-12-13 00:53:02 - [TEST_STEP][PASSED] - setText(findTestObject("Object Repository/Suggestion Class Example/Page_Practice Page/input_Suggession Class Example_autocomplete"), "Me"): Text 'Me' is set on object 'Object Repository/Suggestion Class Example/Page_Practice Page/input_Suggession Class Example_autocomplete'

2021-12-13 00:53:02 - [MESSAGE][PASSED] - Text 'Me' is set on object 'Object Repository/Suggestion Class Example/Page_Practice Page/input_Suggession Class Example_autocomplete'

2021-12-13 00:53:02 - [TEST_STEP][PASSED] - delay(4): Delayed 4 second(s)

2021-12-13 00:53:06 - [MESSAGE][PASSED] - Delayed 4 second(s)

2021-12-13 00:53:06 - [TEST_STEP][PASSED] - click(findTestObject("Object Repository/Suggestion Class Example/Page_Practice Page/div_Mexico")): Object: 'Object Repository/Suggestion Class Example/Page_Practice Page/div_Mexico' is clicked on

2021-12-13 00:53:06 - [MESSAGE][PASSED] - Object: 'Object Repository/Suggestion Class Example/Page_Practice Page/div_Mexico' is clicked on

2021-12-13 00:53:06 - [TEST_STEP][PASSED] - delay(4): Delayed 4 second(s)

2021-12-13 00:53:10 - [MESSAGE][PASSED] - Delayed 4 second(s)

2021-12-13 00:53:10 - [TEST_STEP][PASSED] - closeBrowser(): Browser is closed

2021-12-13 00:53:11 - [MESSAGE][PASSED] - Browser is closed]]></system-out>
         <system-err><![CDATA[]]></system-err>
      </testcase>
      <testcase name="Test Cases/SC_TC/switch_alert--browser_chrome" time="29.337" classname="Test Cases/SC_TC/switch_alert--browser_chrome" status="PASSED">
         <system-out><![CDATA[2021-12-13 00:53:11 - [TEST_CASE][PASSED] - Test Cases/SC_TC/switch_alert--browser_chrome: Test Cases/SC_TC/switch_alert--browser_chrome

2021-12-13 00:53:11 - [TEST_STEP][PASSED] - openBrowser(""): Browser is opened with url: ''

2021-12-13 00:53:11 - [MESSAGE][INFO] - Starting 'Chrome' driver

2021-12-13 00:53:11 - [MESSAGE][INFO] - Action delay is set to 0 milliseconds

2021-12-13 00:53:12 - [MESSAGE][PASSED] - Browser is opened with url: ''

2021-12-13 00:53:12 - [TEST_STEP][PASSED] - navigateToUrl(url): Navigate to 'https://rahulshettyacademy.com/AutomationPractice/' successfully

2021-12-13 00:53:19 - [MESSAGE][PASSED] - Navigate to 'https://rahulshettyacademy.com/AutomationPractice/' successfully

2021-12-13 00:53:19 - [TEST_STEP][PASSED] - maximizeWindow(): Current window maximized

2021-12-13 00:53:19 - [MESSAGE][PASSED] - Current window maximized

2021-12-13 00:53:19 - [TEST_STEP][PASSED] - delay(4): Delayed 4 second(s)

2021-12-13 00:53:23 - [MESSAGE][PASSED] - Delayed 4 second(s)

2021-12-13 00:53:23 - [TEST_STEP][PASSED] - setText(findTestObject("Object Repository/Switch To Alert Example/Page_Practice Page/input_Switch To Alert Example_enter-name"), "Stori Card"): Text 'Stori Card' is set on object 'Object Repository/Switch To Alert Example/Page_Practice Page/input_Switch To Alert Example_enter-name'

2021-12-13 00:53:23 - [MESSAGE][PASSED] - Text 'Stori Card' is set on object 'Object Repository/Switch To Alert Example/Page_Practice Page/input_Switch To Alert Example_enter-name'

2021-12-13 00:53:23 - [TEST_STEP][PASSED] - delay(4): Delayed 4 second(s)

2021-12-13 00:53:27 - [MESSAGE][PASSED] - Delayed 4 second(s)

2021-12-13 00:53:27 - [TEST_STEP][PASSED] - click(findTestObject("Object Repository/Switch To Alert Example/Page_Practice Page/input_Switch To Alert Example_alertbtn")): Object: 'Object Repository/Switch To Alert Example/Page_Practice Page/input_Switch To Alert Example_alertbtn' is clicked on

2021-12-13 00:53:27 - [MESSAGE][PASSED] - Object: 'Object Repository/Switch To Alert Example/Page_Practice Page/input_Switch To Alert Example_alertbtn' is clicked on

2021-12-13 00:53:27 - [TEST_STEP][PASSED] - getAlertText(): Get alert text successfully: 'Hello Stori Card, share this practice page and share your knowledge'

2021-12-13 00:53:27 - [MESSAGE][PASSED] - Get alert text successfully: 'Hello Stori Card, share this practice page and share your knowledge'

2021-12-13 00:53:27 - [TEST_STEP][PASSED] - delay(4): Delayed 4 second(s)

2021-12-13 00:53:31 - [MESSAGE][PASSED] - Delayed 4 second(s)

2021-12-13 00:53:31 - [TEST_STEP][PASSED] - setText(findTestObject("Object Repository/Switch To Alert Example/Page_Practice Page/input_Switch To Alert Example_enter-name"), "Stori Card"): Text 'Stori Card' is set on object 'Object Repository/Switch To Alert Example/Page_Practice Page/input_Switch To Alert Example_enter-name'

2021-12-13 00:53:31 - [MESSAGE][WARNING] - [SELF-HEALING] Failed to find element with id 'Object Repository/Switch To Alert Example/Page_Practice Page/input_Switch To Alert Example_enter-name'. Try using Self-healing.

2021-12-13 00:53:31 - [MESSAGE][WARNING] - [SELF-HEALING] The current locator of test object 'Object Repository/Switch To Alert Example/Page_Practice Page/input_Switch To Alert Example_enter-name' was broken. Propose an alternative one: '//input[@id='name']'.

2021-12-13 00:53:31 - [MESSAGE][PASSED] - Text 'Stori Card' is set on object 'Object Repository/Switch To Alert Example/Page_Practice Page/input_Switch To Alert Example_enter-name'

2021-12-13 00:53:31 - [TEST_STEP][PASSED] - delay(4): Delayed 4 second(s)

2021-12-13 00:53:35 - [MESSAGE][PASSED] - Delayed 4 second(s)

2021-12-13 00:53:35 - [TEST_STEP][PASSED] - click(findTestObject("Object Repository/Switch To Alert Example/Page_Practice Page/input_Switch To Alert Example_confirmbtn")): Object: 'Object Repository/Switch To Alert Example/Page_Practice Page/input_Switch To Alert Example_confirmbtn' is clicked on

2021-12-13 00:53:36 - [MESSAGE][PASSED] - Object: 'Object Repository/Switch To Alert Example/Page_Practice Page/input_Switch To Alert Example_confirmbtn' is clicked on

2021-12-13 00:53:36 - [TEST_STEP][PASSED] - getAlertText(): Get alert text successfully: 'Hello Stori Card, Are you sure you want to confirm?'

2021-12-13 00:53:36 - [MESSAGE][PASSED] - Get alert text successfully: 'Hello Stori Card, Are you sure you want to confirm?'

2021-12-13 00:53:36 - [TEST_STEP][PASSED] - delay(4): Delayed 4 second(s)

2021-12-13 00:53:40 - [MESSAGE][PASSED] - Delayed 4 second(s)

2021-12-13 00:53:40 - [TEST_STEP][PASSED] - closeBrowser(): Browser is closed

2021-12-13 00:53:40 - [MESSAGE][PASSED] - Browser is closed]]></system-out>
         <system-err><![CDATA[]]></system-err>
      </testcase>
      <testcase name="Test Cases/SC_TC/switch_tab--browser_chrome" time="32.777" classname="Test Cases/SC_TC/switch_tab--browser_chrome" status="PASSED">
         <system-out><![CDATA[2021-12-13 00:53:40 - [TEST_CASE][PASSED] - Test Cases/SC_TC/switch_tab--browser_chrome: Test Cases/SC_TC/switch_tab--browser_chrome

2021-12-13 00:53:41 - [TEST_STEP][PASSED] - openBrowser(""): Browser is opened with url: ''

2021-12-13 00:53:41 - [MESSAGE][INFO] - Starting 'Chrome' driver

2021-12-13 00:53:41 - [MESSAGE][INFO] - Action delay is set to 0 milliseconds

2021-12-13 00:53:42 - [MESSAGE][PASSED] - Browser is opened with url: ''

2021-12-13 00:53:42 - [TEST_STEP][PASSED] - navigateToUrl(url): Navigate to 'https://rahulshettyacademy.com/AutomationPractice/' successfully

2021-12-13 00:53:48 - [MESSAGE][PASSED] - Navigate to 'https://rahulshettyacademy.com/AutomationPractice/' successfully

2021-12-13 00:53:48 - [TEST_STEP][PASSED] - maximizeWindow(): Current window maximized

2021-12-13 00:53:48 - [MESSAGE][PASSED] - Current window maximized

2021-12-13 00:53:48 - [TEST_STEP][PASSED] - delay(4): Delayed 4 second(s)

2021-12-13 00:53:52 - [MESSAGE][PASSED] - Delayed 4 second(s)

2021-12-13 00:53:52 - [TEST_STEP][PASSED] - click(findTestObject("Object Repository/Switch Tab Example/Page_Practice Page/a_Open Tab")): Object: 'Object Repository/Switch Tab Example/Page_Practice Page/a_Open Tab' is clicked on

2021-12-13 00:53:53 - [MESSAGE][PASSED] - Object: 'Object Repository/Switch Tab Example/Page_Practice Page/a_Open Tab' is clicked on

2021-12-13 00:53:53 - [TEST_STEP][PASSED] - switchToWindowTitle("Rahul Shetty Academy"): Switched to window with title: 'Rahul Shetty Academy'

2021-12-13 00:53:55 - [MESSAGE][PASSED] - Switched to window with title: 'Rahul Shetty Academy'

2021-12-13 00:53:55 - [TEST_STEP][PASSED] - delay(4): Delayed 4 second(s)

2021-12-13 00:53:59 - [MESSAGE][PASSED] - Delayed 4 second(s)

2021-12-13 00:53:59 - [TEST_STEP][PASSED] - scrollToElement(findTestObject("Switch Tab Example/Page_Rahul Shetty Academy/a_VIEW ALL COURSES"), 0): Scroll to object 'Object Repository/Switch Tab Example/Page_Rahul Shetty Academy/a_VIEW ALL COURSES' successfully

2021-12-13 00:53:59 - [MESSAGE][WARNING] - Timeout '0' is invalid. Using default page load timeout: '30'

2021-12-13 00:53:59 - [MESSAGE][PASSED] - Scroll to object 'Object Repository/Switch Tab Example/Page_Rahul Shetty Academy/a_VIEW ALL COURSES' successfully

2021-12-13 00:53:59 - [TEST_STEP][PASSED] - delay(4): Delayed 4 second(s)

2021-12-13 00:54:03 - [MESSAGE][PASSED] - Delayed 4 second(s)

2021-12-13 00:54:03 - [TEST_STEP][PASSED] - takeScreenshot("switch_tab", STOP_ON_FAILURE): Taking screenshot successfully

2021-12-13 00:54:03 - [MESSAGE][PASSED] - Taking screenshot successfully
[[ATTACHMENT|C:\\Users\\r30_p\\AppData\\Local\\GitHubDesktop\\app-2.9.5\\Stori-QA-Automation-Challenge\\Reports\\20211213_005224\\SC_TS\\test_suite--browser_chrome\\20211213_005224\\switch_tab]]

2021-12-13 00:54:03 - [TEST_STEP][PASSED] - delay(4): Delayed 4 second(s)

2021-12-13 00:54:07 - [MESSAGE][PASSED] - Delayed 4 second(s)

2021-12-13 00:54:07 - [TEST_STEP][PASSED] - navigateToUrl(url): Navigate to 'https://rahulshettyacademy.com/AutomationPractice/' successfully

2021-12-13 00:54:08 - [MESSAGE][PASSED] - Navigate to 'https://rahulshettyacademy.com/AutomationPractice/' successfully

2021-12-13 00:54:08 - [TEST_STEP][PASSED] - delay(4): Delayed 4 second(s)

2021-12-13 00:54:12 - [MESSAGE][PASSED] - Delayed 4 second(s)

2021-12-13 00:54:12 - [TEST_STEP][PASSED] - closeBrowser(): Browser is closed

2021-12-13 00:54:13 - [MESSAGE][PASSED] - Browser is closed]]></system-out>
         <system-err><![CDATA[]]></system-err>
      </testcase>
      <testcase name="Test Cases/SC_TC/switch_window--browser_chrome" time="34.894" classname="Test Cases/SC_TC/switch_window--browser_chrome" status="PASSED">
         <system-out><![CDATA[2021-12-13 00:54:13 - [TEST_CASE][PASSED] - Test Cases/SC_TC/switch_window--browser_chrome: Test Cases/SC_TC/switch_window--browser_chrome

2021-12-13 00:54:13 - [TEST_STEP][PASSED] - openBrowser(""): Browser is opened with url: ''

2021-12-13 00:54:13 - [MESSAGE][INFO] - Starting 'Chrome' driver

2021-12-13 00:54:13 - [MESSAGE][INFO] - Action delay is set to 0 milliseconds

2021-12-13 00:54:15 - [MESSAGE][PASSED] - Browser is opened with url: ''

2021-12-13 00:54:15 - [TEST_STEP][PASSED] - navigateToUrl(url): Navigate to 'https://rahulshettyacademy.com/AutomationPractice/' successfully

2021-12-13 00:54:21 - [MESSAGE][PASSED] - Navigate to 'https://rahulshettyacademy.com/AutomationPractice/' successfully

2021-12-13 00:54:21 - [TEST_STEP][PASSED] - maximizeWindow(): Current window maximized

2021-12-13 00:54:21 - [MESSAGE][PASSED] - Current window maximized

2021-12-13 00:54:21 - [TEST_STEP][PASSED] - delay(4): Delayed 4 second(s)

2021-12-13 00:54:25 - [MESSAGE][PASSED] - Delayed 4 second(s)

2021-12-13 00:54:25 - [TEST_STEP][PASSED] - click(findTestObject("Object Repository/Switch Window Example/Page_Practice Page/button_Open Window")): Object: 'Object Repository/Switch Window Example/Page_Practice Page/button_Open Window' is clicked on

2021-12-13 00:54:25 - [MESSAGE][PASSED] - Object: 'Object Repository/Switch Window Example/Page_Practice Page/button_Open Window' is clicked on

2021-12-13 00:54:25 - [TEST_STEP][PASSED] - delay(4): Delayed 4 second(s)

2021-12-13 00:54:29 - [MESSAGE][PASSED] - Delayed 4 second(s)

2021-12-13 00:54:29 - [TEST_STEP][PASSED] - switchToWindowTitle("QA Click Academy | Selenium,Jmeter,SoapUI,Appium,Database testing,QA Training Academy"): Switched to window with title: 'QA Click Academy | Selenium,Jmeter,SoapUI,Appium,Database testing,QA Training Academy'

2021-12-13 00:54:30 - [MESSAGE][PASSED] - Switched to window with title: 'QA Click Academy | Selenium,Jmeter,SoapUI,Appium,Database testing,QA Training Academy'

2021-12-13 00:54:30 - [TEST_STEP][PASSED] - maximizeWindow(): Current window maximized

2021-12-13 00:54:30 - [MESSAGE][PASSED] - Current window maximized

2021-12-13 00:54:30 - [TEST_STEP][PASSED] - waitForElementClickable(findTestObject("Switch Window Example/Page_QA Click Academy  Selenium,Jmeter,Soap_747ff4/button_NO THANKS"), 4): Object 'Object Repository/Switch Window Example/Page_QA Click Academy  Selenium,Jmeter,Soap_747ff4/button_NO THANKS' is clickable

2021-12-13 00:54:35 - [MESSAGE][PASSED] - Object 'Object Repository/Switch Window Example/Page_QA Click Academy  Selenium,Jmeter,Soap_747ff4/button_NO THANKS' is clickable

2021-12-13 00:54:35 - [TEST_STEP][PASSED] - click(findTestObject("Object Repository/Switch Window Example/Page_QA Click Academy  Selenium,Jmeter,Soap_747ff4/button_NO THANKS")): Object: 'Object Repository/Switch Window Example/Page_QA Click Academy  Selenium,Jmeter,Soap_747ff4/button_NO THANKS' is clicked on

2021-12-13 00:54:35 - [MESSAGE][PASSED] - Object: 'Object Repository/Switch Window Example/Page_QA Click Academy  Selenium,Jmeter,Soap_747ff4/button_NO THANKS' is clicked on

2021-12-13 00:54:35 - [TEST_STEP][PASSED] - delay(4): Delayed 4 second(s)

2021-12-13 00:54:39 - [MESSAGE][PASSED] - Delayed 4 second(s)

2021-12-13 00:54:39 - [TEST_STEP][PASSED] - focus(findTestObject("Switch Window Example/Page_QA Click Academy  Selenium,Jmeter,Soap_747ff4/div_30 day Money Back GuaranteeWe would nev_bfdf08")): Object: 'Object Repository/Switch Window Example/Page_QA Click Academy  Selenium,Jmeter,Soap_747ff4/div_30 day Money Back GuaranteeWe would nev_bfdf08' is focused

2021-12-13 00:54:39 - [MESSAGE][PASSED] - Object: 'Object Repository/Switch Window Example/Page_QA Click Academy  Selenium,Jmeter,Soap_747ff4/div_30 day Money Back GuaranteeWe would nev_bfdf08' is focused

2021-12-13 00:54:39 - [TEST_STEP][PASSED] - verifyTextPresent("", false): Text '' is present on page 

2021-12-13 00:54:39 - [MESSAGE][PASSED] - Text '' is present on page 

2021-12-13 00:54:39 - [TEST_STEP][PASSED] - delay(4): Delayed 4 second(s)

2021-12-13 00:54:43 - [MESSAGE][PASSED] - Delayed 4 second(s)

2021-12-13 00:54:43 - [TEST_STEP][PASSED] - closeWindowTitle("QA Click Academy | Selenium,Jmeter,SoapUI,Appium,Database testing,QA Training Academy"): Window with title: 'QA Click Academy | Selenium,Jmeter,SoapUI,Appium,Database testing,QA Training Academy' is closed

2021-12-13 00:54:43 - [MESSAGE][PASSED] - Window with title: 'QA Click Academy | Selenium,Jmeter,SoapUI,Appium,Database testing,QA Training Academy' is closed

2021-12-13 00:54:43 - [TEST_STEP][PASSED] - delay(4): Delayed 4 second(s)

2021-12-13 00:54:47 - [MESSAGE][PASSED] - Delayed 4 second(s)

2021-12-13 00:54:47 - [TEST_STEP][PASSED] - closeBrowser(): Browser is closed

2021-12-13 00:54:48 - [MESSAGE][PASSED] - Browser is closed]]></system-out>
         <system-err><![CDATA[]]></system-err>
      </testcase>
      <testcase name="Test Cases/SC_TC/web_table--browser_chrome" time="10.074" classname="Test Cases/SC_TC/web_table--browser_chrome" status="PASSED">
         <system-out><![CDATA[2021-12-13 00:54:48 - [TEST_CASE][PASSED] - Test Cases/SC_TC/web_table--browser_chrome: Test Cases/SC_TC/web_table--browser_chrome

2021-12-13 00:54:48 - [TEST_STEP][PASSED] - openBrowser(""): Browser is opened with url: ''

2021-12-13 00:54:48 - [MESSAGE][INFO] - Starting 'Chrome' driver

2021-12-13 00:54:48 - [MESSAGE][INFO] - Action delay is set to 0 milliseconds

2021-12-13 00:54:49 - [MESSAGE][PASSED] - Browser is opened with url: ''

2021-12-13 00:54:49 - [TEST_STEP][PASSED] - navigateToUrl("https://rahulshettyacademy.com/AutomationPractice/"): Navigate to 'https://rahulshettyacademy.com/AutomationPractice/' successfully

2021-12-13 00:54:56 - [MESSAGE][PASSED] - Navigate to 'https://rahulshettyacademy.com/AutomationPractice/' successfully

2021-12-13 00:54:56 - [TEST_STEP][PASSED] - maximizeWindow(): Current window maximized

2021-12-13 00:54:56 - [MESSAGE][PASSED] - Current window maximized

2021-12-13 00:54:56 - [TEST_STEP][PASSED] - verifyElementText(findTestObject("Object Repository/Web Table Example/Page_Practice Page/td_30"), "30"): Actual text and expected text of test object 'Object Repository/Web Table Example/Page_Practice Page/td_30' are matched.

2021-12-13 00:54:56 - [MESSAGE][PASSED] - Actual text and expected text of test object 'Object Repository/Web Table Example/Page_Practice Page/td_30' are matched.

2021-12-13 00:54:56 - [TEST_STEP][PASSED] - verifyElementText(findTestObject("Object Repository/Web Table Example/Page_Practice Page/td_25"), "25"): Actual text and expected text of test object 'Object Repository/Web Table Example/Page_Practice Page/td_25' are matched.

2021-12-13 00:54:56 - [MESSAGE][PASSED] - Actual text and expected text of test object 'Object Repository/Web Table Example/Page_Practice Page/td_25' are matched.

2021-12-13 00:54:56 - [TEST_STEP][PASSED] - getText(findTestObject("Object Repository/Web Table Example/Page_Practice Page/td_Learn SQL in Practical  Database Testing_8b83a1"), STOP_ON_FAILURE): Text of object 'Object Repository/Web Table Example/Page_Practice Page/td_Learn SQL in Practical  Database Testing_8b83a1' is: 'Learn SQL in Practical + Database Testing from Scratch'

2021-12-13 00:54:56 - [MESSAGE][PASSED] - Text of object 'Object Repository/Web Table Example/Page_Practice Page/td_Learn SQL in Practical  Database Testing_8b83a1' is: 'Learn SQL in Practical + Database Testing from Scratch'

2021-12-13 00:54:56 - [TEST_STEP][PASSED] - verifyElementText(findTestObject("Object Repository/Web Table Example/Page_Practice Page/td_30"), "30"): Actual text and expected text of test object 'Object Repository/Web Table Example/Page_Practice Page/td_30' are matched.

2021-12-13 00:54:57 - [MESSAGE][PASSED] - Actual text and expected text of test object 'Object Repository/Web Table Example/Page_Practice Page/td_30' are matched.

2021-12-13 00:54:57 - [TEST_STEP][PASSED] - verifyElementText(findTestObject("Object Repository/Web Table Example/Page_Practice Page/td_20"), "20"): Actual text and expected text of test object 'Object Repository/Web Table Example/Page_Practice Page/td_20' are matched.

2021-12-13 00:54:57 - [MESSAGE][PASSED] - Actual text and expected text of test object 'Object Repository/Web Table Example/Page_Practice Page/td_20' are matched.

2021-12-13 00:54:57 - [TEST_STEP][PASSED] - verifyElementText(findTestObject("Object Repository/Web Table Example/Page_Practice Page/td_25"), "25"): Actual text and expected text of test object 'Object Repository/Web Table Example/Page_Practice Page/td_25' are matched.

2021-12-13 00:54:57 - [MESSAGE][PASSED] - Actual text and expected text of test object 'Object Repository/Web Table Example/Page_Practice Page/td_25' are matched.

2021-12-13 00:54:57 - [TEST_STEP][PASSED] - getText(findTestObject("Object Repository/Web Table Example/Page_Practice Page/td_Learn JMETER from Scratch - (Performance_60f099"), CONTINUE_ON_FAILURE): Text of object 'Object Repository/Web Table Example/Page_Practice Page/td_Learn JMETER from Scratch - (Performance_60f099' is: 'Learn JMETER from Scratch - (Performance + Load) Testing Tool'

2021-12-13 00:54:57 - [MESSAGE][PASSED] - Text of object 'Object Repository/Web Table Example/Page_Practice Page/td_Learn JMETER from Scratch - (Performance_60f099' is: 'Learn JMETER from Scratch - (Performance + Load) Testing Tool'

2021-12-13 00:54:57 - [TEST_STEP][PASSED] - verifyElementText(findTestObject("Object Repository/Web Table Example/Page_Practice Page/td_35"), "35"): Actual text and expected text of test object 'Object Repository/Web Table Example/Page_Practice Page/td_35' are matched.

2021-12-13 00:54:57 - [MESSAGE][PASSED] - Actual text and expected text of test object 'Object Repository/Web Table Example/Page_Practice Page/td_35' are matched.

2021-12-13 00:54:57 - [TEST_STEP][PASSED] - verifyElementText(findTestObject("Object Repository/Web Table Example/Page_Practice Page/td_25"), "25"): Actual text and expected text of test object 'Object Repository/Web Table Example/Page_Practice Page/td_25' are matched.

2021-12-13 00:54:57 - [MESSAGE][PASSED] - Actual text and expected text of test object 'Object Repository/Web Table Example/Page_Practice Page/td_25' are matched.

2021-12-13 00:54:57 - [TEST_STEP][PASSED] - getText(findTestObject("Object Repository/Web Table Example/Page_Practice Page/td_QA Expert Course Software Testing  Bugzi_863c32"), CONTINUE_ON_FAILURE): Text of object 'Object Repository/Web Table Example/Page_Practice Page/td_QA Expert Course Software Testing  Bugzi_863c32' is: 'QA Expert Course :Software Testing + Bugzilla + SQL + Agile'

2021-12-13 00:54:57 - [MESSAGE][PASSED] - Text of object 'Object Repository/Web Table Example/Page_Practice Page/td_QA Expert Course Software Testing  Bugzi_863c32' is: 'QA Expert Course :Software Testing + Bugzilla + SQL + Agile'

2021-12-13 00:54:57 - [TEST_STEP][PASSED] - verifyElementText(findTestObject("Object Repository/Web Table Example/Page_Practice Page/td_25"), "25"): Actual text and expected text of test object 'Object Repository/Web Table Example/Page_Practice Page/td_25' are matched.

2021-12-13 00:54:57 - [MESSAGE][PASSED] - Actual text and expected text of test object 'Object Repository/Web Table Example/Page_Practice Page/td_25' are matched.

2021-12-13 00:54:57 - [TEST_STEP][PASSED] - getText(findTestObject("Object Repository/Web Table Example/Page_Practice Page/td_Master Selenium Automation in simple Pyt_98e7ce"), CONTINUE_ON_FAILURE): Text of object 'Object Repository/Web Table Example/Page_Practice Page/td_Master Selenium Automation in simple Pyt_98e7ce' is: 'Master Selenium Automation in simple Python Language'

2021-12-13 00:54:57 - [MESSAGE][PASSED] - Text of object 'Object Repository/Web Table Example/Page_Practice Page/td_Master Selenium Automation in simple Pyt_98e7ce' is: 'Master Selenium Automation in simple Python Language'

2021-12-13 00:54:57 - [TEST_STEP][PASSED] - verifyElementText(findTestObject("Object Repository/Web Table Example/Page_Practice Page/td_20"), "20"): Actual text and expected text of test object 'Object Repository/Web Table Example/Page_Practice Page/td_20' are matched.

2021-12-13 00:54:57 - [MESSAGE][PASSED] - Actual text and expected text of test object 'Object Repository/Web Table Example/Page_Practice Page/td_20' are matched.

2021-12-13 00:54:57 - [TEST_STEP][PASSED] - verifyElementText(findTestObject("Object Repository/Web Table Example/Page_Practice Page/td_0"), "0"): Actual text and expected text of test object 'Object Repository/Web Table Example/Page_Practice Page/td_0' are matched.

2021-12-13 00:54:57 - [MESSAGE][PASSED] - Actual text and expected text of test object 'Object Repository/Web Table Example/Page_Practice Page/td_0' are matched.

2021-12-13 00:54:57 - [TEST_STEP][PASSED] - closeBrowser(): Browser is closed

2021-12-13 00:54:58 - [MESSAGE][PASSED] - Browser is closed]]></system-out>
         <system-err><![CDATA[]]></system-err>
      </testcase>
      <testcase name="Test Cases/SC_TC/web_table_fixed--browser_chrome" time="9.677" classname="Test Cases/SC_TC/web_table_fixed--browser_chrome" status="PASSED">
         <system-out><![CDATA[2021-12-13 00:54:58 - [TEST_CASE][PASSED] - Test Cases/SC_TC/web_table_fixed--browser_chrome: Test Cases/SC_TC/web_table_fixed--browser_chrome

2021-12-13 00:54:58 - [TEST_STEP][PASSED] - openBrowser(""): Browser is opened with url: ''

2021-12-13 00:54:58 - [MESSAGE][INFO] - Starting 'Chrome' driver

2021-12-13 00:54:58 - [MESSAGE][INFO] - Action delay is set to 0 milliseconds

2021-12-13 00:55:00 - [MESSAGE][PASSED] - Browser is opened with url: ''

2021-12-13 00:55:00 - [TEST_STEP][PASSED] - navigateToUrl("https://rahulshettyacademy.com/AutomationPractice/"): Navigate to 'https://rahulshettyacademy.com/AutomationPractice/' successfully

2021-12-13 00:55:06 - [MESSAGE][PASSED] - Navigate to 'https://rahulshettyacademy.com/AutomationPractice/' successfully

2021-12-13 00:55:06 - [TEST_STEP][PASSED] - maximizeWindow(): Current window maximized

2021-12-13 00:55:06 - [MESSAGE][PASSED] - Current window maximized

2021-12-13 00:55:06 - [TEST_STEP][PASSED] - getText(findTestObject("Object Repository/Web Table Fixed/Page_Practice Page/td_Alex"), CONTINUE_ON_FAILURE): Text of object 'Object Repository/Web Table Fixed/Page_Practice Page/td_Alex' is: 'Alex'

2021-12-13 00:55:06 - [MESSAGE][PASSED] - Text of object 'Object Repository/Web Table Fixed/Page_Practice Page/td_Alex' is: 'Alex'

2021-12-13 00:55:06 - [TEST_STEP][PASSED] - getText(findTestObject("Object Repository/Web Table Fixed/Page_Practice Page/td_Ben"), CONTINUE_ON_FAILURE): Text of object 'Object Repository/Web Table Fixed/Page_Practice Page/td_Ben' is: 'Ben'

2021-12-13 00:55:06 - [MESSAGE][PASSED] - Text of object 'Object Repository/Web Table Fixed/Page_Practice Page/td_Ben' is: 'Ben'

2021-12-13 00:55:06 - [TEST_STEP][PASSED] - getText(findTestObject("Object Repository/Web Table Fixed/Page_Practice Page/td_Dwayne"), CONTINUE_ON_FAILURE): Text of object 'Object Repository/Web Table Fixed/Page_Practice Page/td_Dwayne' is: 'Dwayne'

2021-12-13 00:55:07 - [MESSAGE][PASSED] - Text of object 'Object Repository/Web Table Fixed/Page_Practice Page/td_Dwayne' is: 'Dwayne'

2021-12-13 00:55:07 - [TEST_STEP][PASSED] - getText(findTestObject("Object Repository/Web Table Fixed/Page_Practice Page/td_Ivory"), CONTINUE_ON_FAILURE): Text of object 'Object Repository/Web Table Fixed/Page_Practice Page/td_Ivory' is: 'Ivory'

2021-12-13 00:55:07 - [MESSAGE][PASSED] - Text of object 'Object Repository/Web Table Fixed/Page_Practice Page/td_Ivory' is: 'Ivory'

2021-12-13 00:55:07 - [TEST_STEP][PASSED] - getText(findTestObject("Object Repository/Web Table Fixed/Page_Practice Page/td_Jack"), CONTINUE_ON_FAILURE): Text of object 'Object Repository/Web Table Fixed/Page_Practice Page/td_Jack' is: 'Jack'

2021-12-13 00:55:07 - [MESSAGE][PASSED] - Text of object 'Object Repository/Web Table Fixed/Page_Practice Page/td_Jack' is: 'Jack'

2021-12-13 00:55:07 - [TEST_STEP][PASSED] - getText(findTestObject("Object Repository/Web Table Fixed/Page_Practice Page/td_Joe"), CONTINUE_ON_FAILURE): Text of object 'Object Repository/Web Table Fixed/Page_Practice Page/td_Joe' is: 'Joe'

2021-12-13 00:55:07 - [MESSAGE][PASSED] - Text of object 'Object Repository/Web Table Fixed/Page_Practice Page/td_Joe' is: 'Joe'

2021-12-13 00:55:07 - [TEST_STEP][PASSED] - getText(findTestObject("Object Repository/Web Table Fixed/Page_Practice Page/td_Raymond"), CONTINUE_ON_FAILURE): Text of object 'Object Repository/Web Table Fixed/Page_Practice Page/td_Raymond' is: 'Raymond'

2021-12-13 00:55:07 - [MESSAGE][PASSED] - Text of object 'Object Repository/Web Table Fixed/Page_Practice Page/td_Raymond' is: 'Raymond'

2021-12-13 00:55:07 - [TEST_STEP][PASSED] - getText(findTestObject("Object Repository/Web Table Fixed/Page_Practice Page/td_Ronaldo"), CONTINUE_ON_FAILURE): Text of object 'Object Repository/Web Table Fixed/Page_Practice Page/td_Ronaldo' is: 'Ronaldo'

2021-12-13 00:55:07 - [MESSAGE][PASSED] - Text of object 'Object Repository/Web Table Fixed/Page_Practice Page/td_Ronaldo' is: 'Ronaldo'

2021-12-13 00:55:07 - [TEST_STEP][PASSED] - getText(findTestObject("Object Repository/Web Table Fixed/Page_Practice Page/td_Smith"), CONTINUE_ON_FAILURE): Text of object 'Object Repository/Web Table Fixed/Page_Practice Page/td_Smith' is: 'Smith'

2021-12-13 00:55:07 - [MESSAGE][PASSED] - Text of object 'Object Repository/Web Table Fixed/Page_Practice Page/td_Smith' is: 'Smith'

2021-12-13 00:55:07 - [TEST_STEP][PASSED] - closeBrowser(): Browser is closed

2021-12-13 00:55:08 - [MESSAGE][PASSED] - Browser is closed]]></system-out>
         <system-err><![CDATA[]]></system-err>
      </testcase>
      <testcase name="Test Cases/SC_TC/iframe--browser_chrome" time="22.188" classname="Test Cases/SC_TC/iframe--browser_chrome" status="PASSED">
         <system-out><![CDATA[2021-12-13 00:55:08 - [TEST_CASE][PASSED] - Test Cases/SC_TC/iframe--browser_chrome: Test Cases/SC_TC/iframe--browser_chrome

2021-12-13 00:55:08 - [TEST_STEP][PASSED] - openBrowser(""): Browser is opened with url: ''

2021-12-13 00:55:08 - [MESSAGE][INFO] - Starting 'Chrome' driver

2021-12-13 00:55:08 - [MESSAGE][INFO] - Action delay is set to 0 milliseconds

2021-12-13 00:55:09 - [MESSAGE][PASSED] - Browser is opened with url: ''

2021-12-13 00:55:09 - [TEST_STEP][PASSED] - navigateToUrl("https://rahulshettyacademy.com/AutomationPractice/"): Navigate to 'https://rahulshettyacademy.com/AutomationPractice/' successfully

2021-12-13 00:55:16 - [MESSAGE][PASSED] - Navigate to 'https://rahulshettyacademy.com/AutomationPractice/' successfully

2021-12-13 00:55:16 - [TEST_STEP][PASSED] - maximizeWindow(): Current window maximized

2021-12-13 00:55:16 - [MESSAGE][PASSED] - Current window maximized

2021-12-13 00:55:16 - [TEST_STEP][PASSED] - delay(4): Delayed 4 second(s)

2021-12-13 00:55:20 - [MESSAGE][PASSED] - Delayed 4 second(s)

2021-12-13 00:55:20 - [TEST_STEP][PASSED] - focus(findTestObject("Iframe Example/Page_Practice Page/li_His mentorship program is most after in _c50a26")): Object: 'Object Repository/Iframe Example/Page_Practice Page/li_His mentorship program is most after in _c50a26' is focused

2021-12-13 00:55:21 - [MESSAGE][PASSED] - Object: 'Object Repository/Iframe Example/Page_Practice Page/li_His mentorship program is most after in _c50a26' is focused

2021-12-13 00:55:21 - [TEST_STEP][PASSED] - delay(4): Delayed 4 second(s)

2021-12-13 00:55:25 - [MESSAGE][PASSED] - Delayed 4 second(s)

2021-12-13 00:55:25 - [TEST_STEP][PASSED] - verifyElementText(findTestObject("Object Repository/Iframe Example/Page_Practice Page/li_His mentorship program is most after in _c50a26"), "His mentorship program is most after in the software testing community with long waiting period."): Actual text and expected text of test object 'Object Repository/Iframe Example/Page_Practice Page/li_His mentorship program is most after in _c50a26' are matched.

2021-12-13 00:55:25 - [MESSAGE][PASSED] - Actual text and expected text of test object 'Object Repository/Iframe Example/Page_Practice Page/li_His mentorship program is most after in _c50a26' are matched.

2021-12-13 00:55:25 - [TEST_STEP][PASSED] - delay(4): Delayed 4 second(s)

2021-12-13 00:55:29 - [MESSAGE][PASSED] - Delayed 4 second(s)

2021-12-13 00:55:29 - [TEST_STEP][PASSED] - getText(findTestObject("Iframe Example/Page_Practice Page/li_His mentorship program is most after in _c50a26")): Text of object 'Object Repository/Iframe Example/Page_Practice Page/li_His mentorship program is most after in _c50a26' is: 'His mentorship program is most after in the software testing community with long waiting period.'

2021-12-13 00:55:29 - [MESSAGE][PASSED] - Text of object 'Object Repository/Iframe Example/Page_Practice Page/li_His mentorship program is most after in _c50a26' is: 'His mentorship program is most after in the software testing community with long waiting period.'

2021-12-13 00:55:29 - [TEST_STEP][PASSED] - closeBrowser(): Browser is closed

2021-12-13 00:55:30 - [MESSAGE][PASSED] - Browser is closed]]></system-out>
         <system-err><![CDATA[]]></system-err>
      </testcase>
      <system-out><![CDATA[2021-12-13 00:52:26 - [TEST_SUITE][PASSED] - test_suite--browser_chrome: Test Cases/SC_TC/iframe--browser_chrome]]></system-out>
      <system-err><![CDATA[]]></system-err>
   </testsuite>
</testsuites>
